<?xml version="1.0" encoding="UTF-8"?>
<!-- Generated by org.testng.reporters.JUnitXMLReporter -->
<testsuite ignored="1" hostname="SaiSowmya" failures="0" tests="5" name="Test1" time="37.06" errors="0" timestamp="2025-06-09T13:31:29 IST">
  <testcase classname="myShop_testng.logintestcase2" name="loginwithvalidcrd" time="1.46"/>
  <testcase classname="myShop_testng.logintestcase1" name="loginwithinvalidcred" time="0.452"/>
  <testcase classname="myShop_testng.logintestcase1" name="loginwithinvalidcred" time="0.541"/>
  <testcase classname="myShop_testng.logintestcase1" name="loginwithvalidcred" time="1.878"/>
  <testcase classname="myShop_testng.logintestcase1" name="loginwithinvalidbtn" time="0.471"/>
  <testcase classname="myShop_testng.logintestcase2" name="searchbox" time="0.0">
    <ignored/>
  </testcase> <!-- searchbox -->
</testsuite> <!-- Test1 -->
