<?xml version="1.0" encoding="UTF-8"?>
<!-- Generated by org.testng.reporters.JUnitXMLReporter -->
<testsuite ignored="2" hostname="SaiSowmya" failures="0" tests="1" name="TestRunner2" time="11.582" errors="0" timestamp="2025-06-09T16:54:39 IST">
  <testcase classname="myShop_testng.logintestcase1" name="loginwithvalidcred" time="2.732"/>
  <testcase classname="myShop_testng.logintestcase1" name="loginwithinvalidbtn" time="0.0">
    <ignored/>
  </testcase> <!-- loginwithinvalidbtn -->
  <testcase classname="myShop_testng.logintestcase1" name="loginwithinvalidcred" time="0.0">
    <ignored/>
  </testcase> <!-- loginwithinvalidcred -->
</testsuite> <!-- TestRunner2 -->
