<?xml version="1.0" encoding="UTF-8"?>
<!-- Generated by org.testng.reporters.JUnitXMLReporter -->
<testsuite ignored="0" hostname="SaiSowmya" failures="0" tests="3" name="Test" time="31.712" errors="0" timestamp="2025-06-30T17:39:44 IST">
  <testcase classname="PomTests_.selecta_prd" name="productblouse" time="11.381"/>
  <testcase classname="PomTests_.selectaprdfromsearchbox" name="productsearch" time="3.19"/>
  <testcase classname="PomTests_.selectaprdfromsearchbox" name="prdctsel" time="0.407"/>
</testsuite> <!-- Test -->
