<?xml version="1.0" encoding="UTF-8"?>
<testng-results ignored="0" total="3" passed="3" failed="0" skipped="0">
  <reporter-output>
  </reporter-output>
  <suite started-at="2025-06-30T17:39:12 IST" name="Suite" finished-at="2025-06-30T17:39:44 IST" duration-ms="31712">
    <groups>
    </groups>
    <test started-at="2025-06-30T17:39:12 IST" name="Test" finished-at="2025-06-30T17:39:44 IST" duration-ms="31712">
      <class name="PomTests_.selecta_prd">
        <test-method is-config="true" signature="browserlaunch()[pri:0, instance:PomTests_.selecta_prd@61001b64]" started-at="2025-06-30T17:39:13 IST" name="browserlaunch" finished-at="2025-06-30T17:39:21 IST" duration-ms="8032" status="PASS">
          <reporter-output>
          </reporter-output>
        </test-method> <!-- browserlaunch -->
        <test-method signature="productblouse()[pri:0, instance:PomTests_.selecta_prd@61001b64]" started-at="2025-06-30T17:39:21 IST" name="productblouse" finished-at="2025-06-30T17:39:32 IST" duration-ms="11381" status="PASS">
          <reporter-output>
          </reporter-output>
        </test-method> <!-- productblouse -->
        <test-method is-config="true" signature="tearDown()[pri:0, instance:PomTests_.selecta_prd@61001b64]" started-at="2025-06-30T17:39:32 IST" name="tearDown" finished-at="2025-06-30T17:39:33 IST" duration-ms="463" status="PASS">
          <reporter-output>
          </reporter-output>
        </test-method> <!-- tearDown -->
      </class> <!-- PomTests_.selecta_prd -->
      <class name="PomTests_.selectaprdfromsearchbox">
        <test-method is-config="true" signature="browserlaunch()[pri:0, instance:PomTests_.selectaprdfromsearchbox@55634720]" started-at="2025-06-30T17:39:33 IST" name="browserlaunch" finished-at="2025-06-30T17:39:40 IST" duration-ms="7567" status="PASS">
          <reporter-output>
          </reporter-output>
        </test-method> <!-- browserlaunch -->
        <test-method signature="productsearch()[pri:1, instance:PomTests_.selectaprdfromsearchbox@55634720]" started-at="2025-06-30T17:39:40 IST" name="productsearch" finished-at="2025-06-30T17:39:43 IST" duration-ms="3190" status="PASS">
          <reporter-output>
          </reporter-output>
        </test-method> <!-- productsearch -->
        <test-method signature="prdctsel()[pri:2, instance:PomTests_.selectaprdfromsearchbox@55634720]" started-at="2025-06-30T17:39:43 IST" name="prdctsel" finished-at="2025-06-30T17:39:44 IST" depends-on-methods="PomTests_.selectaprdfromsearchbox.productsearch" duration-ms="407" status="PASS">
          <reporter-output>
          </reporter-output>
        </test-method> <!-- prdctsel -->
        <test-method is-config="true" signature="tearDown()[pri:0, instance:PomTests_.selectaprdfromsearchbox@55634720]" started-at="2025-06-30T17:39:44 IST" name="tearDown" finished-at="2025-06-30T17:39:44 IST" duration-ms="262" status="PASS">
          <reporter-output>
          </reporter-output>
        </test-method> <!-- tearDown -->
      </class> <!-- PomTests_.selectaprdfromsearchbox -->
    </test> <!-- Test -->
  </suite> <!-- Suite -->
</testng-results>
